2017-03-09 15:48:17 Error: [MissingControllerException] Controller class MainController could not be found.
Exception Attributes: array (
  'class' => 'MainController',
  'plugin' => NULL,
)
Request URL: /projcras/
Stack Trace:
#0 C:\xampp\htdocs\projcras\app\webroot\index.php(111): Dispatcher->dispatch(Object(CakeRequest), Object(CakeResponse))
#1 {main}
2017-03-09 16:14:44 Error: Fatal Error (4): syntax error, unexpected 'image' (T_STRING) in [C:\xampp\htdocs\projcras\app\View\Main\index.ctp, line 3]
2017-03-09 16:14:44 Error: [FatalErrorException] syntax error, unexpected 'image' (T_STRING)
Request URL: /projcras/
Stack Trace:
#0 C:\xampp\htdocs\projcras\lib\Cake\Error\ErrorHandler.php(212): ErrorHandler::handleFatalError(4, 'syntax error, u...', 'C:\\xampp\\htdocs...', 3)
#1 [internal function]: ErrorHandler::handleError(4, 'syntax error, u...', 'C:\\xampp\\htdocs...', 3, Array)
#2 C:\xampp\htdocs\projcras\lib\Cake\Core\App.php(970): call_user_func('ErrorHandler::h...', 4, 'syntax error, u...', 'C:\\xampp\\htdocs...', 3, Array)
#3 C:\xampp\htdocs\projcras\lib\Cake\Core\App.php(943): App::_checkFatalError()
#4 [internal function]: App::shutdown()
#5 {main}
2017-03-09 23:15:05 Error: Fatal Error (4): syntax error, unexpected 'image' (T_STRING) in [C:\xampp\htdocs\projcras\app\View\Main\index.ctp, line 3]
2017-03-09 23:15:05 Error: [FatalErrorException] syntax error, unexpected 'image' (T_STRING)
Request URL: /projcras/
Stack Trace:
#0 C:\xampp\htdocs\projcras\lib\Cake\Error\ErrorHandler.php(212): ErrorHandler::handleFatalError(4, 'syntax error, u...', 'C:\\xampp\\htdocs...', 3)
#1 [internal function]: ErrorHandler::handleError(4, 'syntax error, u...', 'C:\\xampp\\htdocs...', 3, Array)
#2 C:\xampp\htdocs\projcras\lib\Cake\Core\App.php(970): call_user_func('ErrorHandler::h...', 4, 'syntax error, u...', 'C:\\xampp\\htdocs...', 3, Array)
#3 C:\xampp\htdocs\projcras\lib\Cake\Core\App.php(943): App::_checkFatalError()
#4 [internal function]: App::shutdown()
#5 {main}
2017-03-10 00:04:00 Error: [MissingControllerException] Controller class WebrootController could not be found.
Exception Attributes: array (
  'class' => 'WebrootController',
  'plugin' => NULL,
)
Request URL: /projcras/webroot/img/logoCras.jpg
Stack Trace:
#0 C:\xampp\htdocs\projcras\app\webroot\index.php(111): Dispatcher->dispatch(Object(CakeRequest), Object(CakeResponse))
#1 {main}
2017-03-10 00:04:09 Error: [MissingControllerException] Controller class WebrootController could not be found.
Exception Attributes: array (
  'class' => 'WebrootController',
  'plugin' => NULL,
)
Request URL: /projcras/webroot/img/logoCras.jpg
Stack Trace:
#0 C:\xampp\htdocs\projcras\app\webroot\index.php(111): Dispatcher->dispatch(Object(CakeRequest), Object(CakeResponse))
#1 {main}
2017-03-10 00:05:05 Error: [MissingControllerException] Controller class WebrootController could not be found.
Exception Attributes: array (
  'class' => 'WebrootController',
  'plugin' => NULL,
)
Request URL: /projcras/webroot/img/teste-error-icon.png
Stack Trace:
#0 C:\xampp\htdocs\projcras\app\webroot\index.php(111): Dispatcher->dispatch(Object(CakeRequest), Object(CakeResponse))
#1 {main}
2017-03-10 00:05:18 Error: [MissingControllerException] Controller class WebrootController could not be found.
Exception Attributes: array (
  'class' => 'WebrootController',
  'plugin' => NULL,
)
Request URL: /projcras/webroot/img/teste-error-icon.png
Stack Trace:
#0 C:\xampp\htdocs\projcras\app\webroot\index.php(111): Dispatcher->dispatch(Object(CakeRequest), Object(CakeResponse))
#1 {main}
2017-03-10 00:05:29 Error: [MissingControllerException] Controller class WebrootController could not be found.
Exception Attributes: array (
  'class' => 'WebrootController',
  'plugin' => NULL,
)
Request URL: /projcras/webroot/img/teste-error-icon.png
Stack Trace:
#0 C:\xampp\htdocs\projcras\app\webroot\index.php(111): Dispatcher->dispatch(Object(CakeRequest), Object(CakeResponse))
#1 {main}
2017-03-10 00:08:35 Error: Fatal Error (4): syntax error, unexpected ',' in [C:\xampp\htdocs\projcras\app\View\Main\index.ctp, line 6]
2017-03-10 00:08:35 Error: [FatalErrorException] syntax error, unexpected ','
Request URL: /projcras/
Stack Trace:
#0 C:\xampp\htdocs\projcras\lib\Cake\Error\ErrorHandler.php(212): ErrorHandler::handleFatalError(4, 'syntax error, u...', 'C:\\xampp\\htdocs...', 6)
#1 [internal function]: ErrorHandler::handleError(4, 'syntax error, u...', 'C:\\xampp\\htdocs...', 6, Array)
#2 C:\xampp\htdocs\projcras\lib\Cake\Core\App.php(970): call_user_func('ErrorHandler::h...', 4, 'syntax error, u...', 'C:\\xampp\\htdocs...', 6, Array)
#3 C:\xampp\htdocs\projcras\lib\Cake\Core\App.php(943): App::_checkFatalError()
#4 [internal function]: App::shutdown()
#5 {main}
2017-03-10 00:40:39 Error: [MissingControllerException] Controller class Adicionar.ctpController could not be found.
Exception Attributes: array (
  'class' => 'Adicionar.ctpController',
  'plugin' => NULL,
)
Request URL: /projcras/adicionar.ctp
Stack Trace:
#0 C:\xampp\htdocs\projcras\app\webroot\index.php(111): Dispatcher->dispatch(Object(CakeRequest), Object(CakeResponse))
#1 {main}
2017-03-10 00:40:56 Error: [MissingControllerException] Controller class AdicionarController could not be found.
Exception Attributes: array (
  'class' => 'AdicionarController',
  'plugin' => NULL,
)
Request URL: /projcras/adicionar
Stack Trace:
#0 C:\xampp\htdocs\projcras\app\webroot\index.php(111): Dispatcher->dispatch(Object(CakeRequest), Object(CakeResponse))
#1 {main}
